GCCcore/10.3.0
zlib/1.2.11-GCCcore-10.3.0
binutils/2.36.1-GCCcore-10.3.0
GCC/10.3.0
numactl/2.0.14-GCCcore-10.3.0
XZ/5.2.5-GCCcore-10.3.0
libxml2/2.9.10-GCCcore-10.3.0
libpciaccess/0.16-GCCcore-10.3.0
hwloc/2.4.1-GCCcore-10.3.0
OpenSSL/1.1
libevent/2.1.12-GCCcore-10.3.0
UCX/1.10.0-GCCcore-10.3.0
libfabric/1.12.1-GCCcore-10.3.0
PMIx/3.2.3-GCCcore-10.3.0
OpenMPI/4.1.1-GCC-10.3.0
OpenBLAS/0.3.15-GCC-10.3.0
FlexiBLAS/3.0.4-GCC-10.3.0
gompi/2021a
FFTW/3.3.9-gompi-2021a
ScaLAPACK/2.1.0-gompi-2021a-fb
foss/2021a
expat/2.2.9-GCCcore-10.3.0
bzip2/1.0.8-GCCcore-10.3.0
libpng/1.6.37-GCCcore-10.3.0
freetype/2.10.4-GCCcore-10.3.0
ncurses/6.2-GCCcore-10.3.0
util-linux/2.36-GCCcore-10.3.0
fontconfig/2.13.93-GCCcore-10.3.0
NASM/2.15.05-GCCcore-10.3.0
libjpeg-turbo/2.0.6-GCCcore-10.3.0
libpng/1.6.37-GCCcore-10.3.0
libgd/2.3.1-GCCcore-10.3.0
libxml2/2.9.10-GCCcore-10.3.0
libffi/3.3-GCCcore-10.3.0
gettext/0.21-GCCcore-10.3.0
PCRE2/10.36-GCCcore-10.3.0
GLib/2.68.2-GCCcore-10.3.0
libsigc++/2.10.2-GCCcore-10.3.0
GLibmm/2.49.7-GCCcore-10.3.0
libxml++/2.40.1-GCCcore-10.3.0
libreadline/8.1-GCCcore-10.3.0
Tcl/8.6.11-GCCcore-10.3.0
SQLite/3.35.4-GCCcore-10.3.0
libpng/1.6.37-GCCcore-10.3.0
xorg-macros/1.19.3-GCCcore-10.3.0
X11/20210518-GCCcore-10.3.0
Tk/8.6.11-GCCcore-10.3.0
NLopt/2.7.0-GCCcore-10.3.0
gzip/1.10-GCCcore-10.3.0
lz4/1.9.3-GCCcore-10.3.0
zstd/1.4.9-GCCcore-10.3.0
libdrm/2.4.106-GCCcore-10.3.0
libglvnd/1.3.3-GCCcore-10.3.0
libunwind/1.4.0-GCCcore-10.3.0
LLVM/11.1.0-GCCcore-10.3.0
Mesa/21.1.1-GCCcore-10.3.0
libGLU/9.0.1-GCCcore-10.3.0
freeglut/3.2.1-GCCcore-10.3.0
expat/2.2.9-GCCcore-10.3.0
zlib/1.2.11-GCCcore-10.3.0
GSL/2.7-GCC-10.3.0
double-conversion/3.1.5-GCCcore-10.3.0
DBus/1.13.18-GCCcore-10.3.0
NSPR/4.30-GCCcore-10.3.0
NSS/3.65-GCCcore-10.3.0
snappy/1.1.8-GCCcore-10.3.0
JasPer/2.0.28-GCCcore-10.3.0
Qt5/5.15.2-GCCcore-10.3.0
Qwt/6.1.5-GCCcore-10.3.0
FSL/6.0.5.1-foss-2021a-fslpython
/rds/projects/j/jenseno-avtemporal-attention/Projects/mTBI-predict/collected-data/MRI-data/derivatives/MRI_lateralisations/substr_segmented/sub-2017/ses-03.anat/first_results was found
Volumetring: sub-2017_ses-03 structure: 10
Volumetring: sub-2017_ses-03 structure: 11
Volumetring: sub-2017_ses-03 structure: 12
Volumetring: sub-2017_ses-03 structure: 13
Volumetring: sub-2017_ses-03 structure: 16
Volumetring: sub-2017_ses-03 structure: 17
Volumetring: sub-2017_ses-03 structure: 18
Volumetring: sub-2017_ses-03 structure: 26
Volumetring: sub-2017_ses-03 structure: 49
Volumetring: sub-2017_ses-03 structure: 50
Volumetring: sub-2017_ses-03 structure: 51
Volumetring: sub-2017_ses-03 structure: 52
Volumetring: sub-2017_ses-03 structure: 53
Volumetring: sub-2017_ses-03 structure: 54
Volumetring: sub-2017_ses-03 structure: 58
Volumetring 17_ses-03 done
